<?xml version="1.0" encoding="UTF-8" ?>
<testsuite tests="7" failures="0" name="NumsBetweenTest" time="0.189" errors="0" skipped="0">
  <properties>
[...]
</properties>
  <testcase classname="NumsBetweenTest" name="NumsBetweenTest.test2" time="0.042"/>
  <testcase classname="NumsBetweenTest" name="NumsBetweenTest.test3" time="0.003"/>
  <testcase classname="NumsBetweenTest" name="NumsBetweenTest.test4" time="0.004"/>
  <testcase classname="NumsBetweenTest" name="NumsBetweenTest.test6" time="0.014"/>
  <testcase classname="NumsBetweenTest" name="NumsBetweenTest.test1" time="0.122"/>
  <testcase classname="NumsBetweenTest" name="NumsBetweenTest.test5" time="0.001"/>
  <testcase classname="NumsBetweenTest" name="NumsBetweenTest.test7" time="0.003"/>
</testsuite>